<?xml version="1.0" encoding="UTF-8"?>
<!-- Generated by org.testng.reporters.JUnitReportReporter -->
<testsuite skipped="0" hostname="User-PC" name="com.orangehrm.test.LoginClass" tests="1" failures="0" timestamp="22 Dec 2018 04:20:40 GMT" time="16.628" errors="0">
  <testcase name="verifyAdminLoginVerify" time="16.628" classname="com.orangehrm.test.LoginClass"/>
</testsuite> <!-- com.orangehrm.test.LoginClass -->
