<?xml version="1.0" encoding="UTF-8"?>
<!-- Generated by org.testng.reporters.JUnitReportReporter -->
<testsuite skipped="0" hostname="User-PC" name="com.orangehrm.test.LoginClass" tests="1" failures="0" timestamp="26 Dec 2018 11:02:29 GMT" time="37.122" errors="0">
  <testcase name="verifyAdminLoginVerify" time="37.122" classname="com.orangehrm.test.LoginClass"/>
</testsuite> <!-- com.orangehrm.test.LoginClass -->
