<?xml version="1.0" encoding="UTF-8"?>
<!-- Generated by org.testng.reporters.JUnitReportReporter -->
<testsuite skipped="0" hostname="User-PC" name="com.ycc.test.LoginTest" tests="1" failures="0" timestamp="17 Apr 2019 08:23:27 GMT" time="37.154" errors="0">
  <testcase name="verifyLoginSuccessfull" time="37.154" classname="com.ycc.test.LoginTest"/>
</testsuite> <!-- com.ycc.test.LoginTest -->
