<?xml version="1.0" encoding="UTF-8"?>
<!-- Generated by org.testng.reporters.JUnitReportReporter -->
<testsuite skipped="0" hostname="User-PC" name="com.orangehrm.test.LoginTest" tests="1" failures="0" timestamp="01 Apr 2019 10:50:13 GMT" time="34.729" errors="0">
  <testcase name="verifySocialMediaLink" time="34.729" classname="com.orangehrm.test.LoginTest"/>
</testsuite> <!-- com.orangehrm.test.LoginTest -->
