<?xml version="1.0" encoding="UTF-8"?>
<!-- Generated by org.testng.reporters.JUnitReportReporter -->
<testsuite skipped="0" hostname="User-PC" name="com.orangehrm.test.AdminTest" tests="1" failures="0" timestamp="17 Mar 2019 11:05:42 GMT" time="21.392" errors="0">
  <testcase name="navigateToAddUserPage" time="21.392" classname="com.orangehrm.test.AdminTest"/>
</testsuite> <!-- com.orangehrm.test.AdminTest -->
